<?xml version="1.0" encoding="UTF-8"?>
<!-- Generated by org.testng.reporters.JUnitXMLReporter -->
<testsuite ignored="0" hostname="Richard_Ntb" failures="0" tests="4" name="zadanieFPT" time="49.873" errors="0" timestamp="2022-11-02T09:13:47 SEČ">
  <testcase classname="org.example.AppTest" name="testDivision" time="7.991"/>
  <testcase classname="org.example.AppTest" name="testMinus" time="7.943"/>
  <testcase classname="org.example.AppTest" name="testMulti" time="7.861"/>
  <testcase classname="org.example.AppTest" name="testPlus" time="7.82"/>
</testsuite> <!-- zadanieFPT -->
