<?xml version="1.0" encoding="UTF-8"?>
<!-- Generated by org.testng.reporters.JUnitXMLReporter -->
<testsuite ignored="0" hostname="Richard_Ntb" failures="0" tests="4" name="zadanieFPT" time="25.885" errors="0" timestamp="2022-11-03T10:38:42 SEČ">
  <testcase classname="org.example.AppTest" name="testDivision" time="3.409"/>
  <testcase classname="org.example.AppTest" name="testMinus" time="3.301"/>
  <testcase classname="org.example.AppTest" name="testMulti" time="3.85"/>
  <testcase classname="org.example.AppTest" name="testPlus" time="3.946"/>
</testsuite> <!-- zadanieFPT -->
