<?xml version="1.0" encoding="UTF-8"?>
<testng-results ignored="0" total="4" passed="4" failed="0" skipped="0">
  <reporter-output>
  </reporter-output>
  <suite started-at="2022-11-03T10:38:16 SEČ" name="Default Suite" finished-at="2022-11-03T10:38:42 SEČ" duration-ms="25885">
    <groups>
    </groups>
    <test started-at="2022-11-03T10:38:16 SEČ" name="zadanieFPT" finished-at="2022-11-03T10:38:42 SEČ" duration-ms="25885">
      <class name="org.example.AppTest">
        <test-method is-config="true" signature="setCaps()[pri:0, instance:org.example.AppTest@7f1302d6]" started-at="2022-11-03T10:38:16 SEČ" name="setCaps" finished-at="2022-11-03T10:38:26 SEČ" duration-ms="10188" status="PASS">
          <reporter-output>
          </reporter-output>
        </test-method> <!-- setCaps -->
        <test-method signature="testDivision()[pri:0, instance:org.example.AppTest@7f1302d6]" started-at="2022-11-03T10:38:26 SEČ" name="testDivision" finished-at="2022-11-03T10:38:29 SEČ" duration-ms="3409" status="PASS">
          <reporter-output>
          </reporter-output>
        </test-method> <!-- testDivision -->
        <test-method is-config="true" signature="afterEachTest()[pri:0, instance:org.example.AppTest@7f1302d6]" started-at="2022-11-03T10:38:29 SEČ" name="afterEachTest" finished-at="2022-11-03T10:38:30 SEČ" duration-ms="755" status="PASS">
          <reporter-output>
          </reporter-output>
        </test-method> <!-- afterEachTest -->
        <test-method signature="testMinus()[pri:0, instance:org.example.AppTest@7f1302d6]" started-at="2022-11-03T10:38:30 SEČ" name="testMinus" finished-at="2022-11-03T10:38:34 SEČ" duration-ms="3301" status="PASS">
          <reporter-output>
          </reporter-output>
        </test-method> <!-- testMinus -->
        <test-method is-config="true" signature="afterEachTest()[pri:0, instance:org.example.AppTest@7f1302d6]" started-at="2022-11-03T10:38:34 SEČ" name="afterEachTest" finished-at="2022-11-03T10:38:34 SEČ" duration-ms="154" status="PASS">
          <reporter-output>
          </reporter-output>
        </test-method> <!-- afterEachTest -->
        <test-method signature="testMulti()[pri:0, instance:org.example.AppTest@7f1302d6]" started-at="2022-11-03T10:38:34 SEČ" name="testMulti" finished-at="2022-11-03T10:38:38 SEČ" duration-ms="3850" status="PASS">
          <reporter-output>
          </reporter-output>
        </test-method> <!-- testMulti -->
        <test-method is-config="true" signature="afterEachTest()[pri:0, instance:org.example.AppTest@7f1302d6]" started-at="2022-11-03T10:38:38 SEČ" name="afterEachTest" finished-at="2022-11-03T10:38:38 SEČ" duration-ms="107" status="PASS">
          <reporter-output>
          </reporter-output>
        </test-method> <!-- afterEachTest -->
        <test-method signature="testPlus()[pri:0, instance:org.example.AppTest@7f1302d6]" started-at="2022-11-03T10:38:38 SEČ" name="testPlus" finished-at="2022-11-03T10:38:42 SEČ" duration-ms="3946" status="PASS">
          <reporter-output>
          </reporter-output>
        </test-method> <!-- testPlus -->
        <test-method is-config="true" signature="afterEachTest()[pri:0, instance:org.example.AppTest@7f1302d6]" started-at="2022-11-03T10:38:42 SEČ" name="afterEachTest" finished-at="2022-11-03T10:38:42 SEČ" duration-ms="147" status="PASS">
          <reporter-output>
          </reporter-output>
        </test-method> <!-- afterEachTest -->
        <test-method is-config="true" signature="afterAll()[pri:0, instance:org.example.AppTest@7f1302d6]" started-at="2022-11-03T10:38:42 SEČ" name="afterAll" finished-at="2022-11-03T10:38:42 SEČ" duration-ms="370" status="PASS">
          <reporter-output>
          </reporter-output>
        </test-method> <!-- afterAll -->
      </class> <!-- org.example.AppTest -->
    </test> <!-- zadanieFPT -->
  </suite> <!-- Default Suite -->
</testng-results>
