<?xml version="1.0" encoding="UTF-8"?>
<!-- Generated by org.testng.reporters.JUnitReportReporter -->
<testsuite hostname="Richard_Ntb" failures="0" tests="4" name="org.example.AppTest" time="15.669" errors="0" timestamp="2022-11-03T10:38:42 SEČ" skipped="0">
  <testcase classname="org.example.AppTest" name="testDivision" time="3.516"/>
  <system-out/>
  <testcase classname="org.example.AppTest" name="testMinus" time="3.448"/>
  <system-out/>
  <testcase classname="org.example.AppTest" name="testPlus" time="4.100"/>
  <system-out/>
  <testcase classname="org.example.AppTest" name="testMulti" time="4.605"/>
  <system-out/>
</testsuite> <!-- org.example.AppTest -->
