<?xml version="1.0" encoding="UTF-8"?>
<!-- Generated by org.testng.reporters.JUnitReportReporter -->
<testsuite hostname="Richard_Ntb" failures="0" tests="4" name="org.example.AppTest" time="37.040" errors="0" timestamp="2022-11-02T09:13:48 SEČ" skipped="0">
  <testcase classname="org.example.AppTest" name="testPlus" time="9.025"/>
  <system-out>
    <![CDATA[Test + started ...]]>
  </system-out>
  <testcase classname="org.example.AppTest" name="testDivision" time="9.222"/>
  <system-out>
    <![CDATA[Test / started ...]]>
  </system-out>
  <testcase classname="org.example.AppTest" name="testMinus" time="9.732"/>
  <system-out>
    <![CDATA[Test - started ...]]>
  </system-out>
  <testcase classname="org.example.AppTest" name="testMulti" time="9.061"/>
  <system-out>
    <![CDATA[Test * started ...]]>
  </system-out>
</testsuite> <!-- org.example.AppTest -->
